Using pre-set license
Built from '2020.3/staging' branch; Version is '2020.3.0f1 (c7b5465681fb) revision 13088070'; Using compiler version '192528614'; Build Type 'Release'
OS: 'Windows 10 Home; OS build 19043.1706; Version 2009; 64bit' Language: 'ja' Physical Memory: 16318 MB
BatchMode: 1, IsHumanControllingUs: 0, StartBugReporterOnCrash: 0, Is64bit: 1, IsPro: 0

 COMMAND LINE ARGUMENTS:
C:\Program Files\Unity\Hub\Editor\2020.3.0f1\Editor\Unity.exe
-adb2
-batchMode
-noUpm
-name
AssetImportWorker0
-projectPath
D:/saiky/Documents/AutoChessJoker/AutoChessJoker
-logFile
Logs/AssetImportWorker0.log
-srvPort
62526
Successfully changed project path to: D:/saiky/Documents/AutoChessJoker/AutoChessJoker
D:/saiky/Documents/AutoChessJoker/AutoChessJoker
Using Asset Import Pipeline V2.
Refreshing native plugins compatible for Editor in 102.63 ms, found 1 plugins.
Preloading 0 native plugins for Editor in 0.00 ms.
Initialize engine version: 2020.3.0f1 (c7b5465681fb)
[Subsystems] Discovering subsystems at path C:/Program Files/Unity/Hub/Editor/2020.3.0f1/Editor/Data/Resources/UnitySubsystems
[Subsystems] Discovering subsystems at path D:/saiky/Documents/AutoChessJoker/AutoChessJoker/Assets
GfxDevice: creating device client; threaded=0
Direct3D:
    Version:  Direct3D 11.0 [level 11.1]
    Renderer: NVIDIA GeForce GTX 1060 6GB (ID=0x1c03)
    Vendor:   
    VRAM:     6052 MB
    Driver:   27.21.14.5671
Initialize mono
Mono path[0] = 'C:/Program Files/Unity/Hub/Editor/2020.3.0f1/Editor/Data/Managed'
Mono path[1] = 'C:/Program Files/Unity/Hub/Editor/2020.3.0f1/Editor/Data/MonoBleedingEdge/lib/mono/unityjit'
Mono config path = 'C:/Program Files/Unity/Hub/Editor/2020.3.0f1/Editor/Data/MonoBleedingEdge/etc'
Using monoOptions --debugger-agent=transport=dt_socket,embedding=1,server=y,suspend=n,address=127.0.0.1:56172
Begin MonoManager ReloadAssembly
Registering precompiled unity dll's ...
Register platform support module: C:/Program Files/Unity/Hub/Editor/2020.3.0f1/Editor/Data/PlaybackEngines/WindowsStandaloneSupport/UnityEditor.WindowsStandalone.Extensions.dll
Registered in 0.002080 seconds.
Native extension for WindowsStandalone target not found
Refreshing native plugins compatible for Editor in 92.93 ms, found 1 plugins.
Preloading 0 native plugins for Editor in 0.00 ms.
Invoked RoslynAnalysisRunner static constructor.
RoslynAnalysisRunner will not be running.
RoslynAnalysisRunner has terminated.
Mono: successfully reloaded assembly
- Completed reload, in  1.373 seconds
Platform modules already initialized, skipping
Registering precompiled user dll's ...
Registered in 0.001763 seconds.
Begin MonoManager ReloadAssembly
Native extension for WindowsStandalone target not found
Refreshing native plugins compatible for Editor in 99.34 ms, found 1 plugins.
Preloading 0 native plugins for Editor in 0.00 ms.
Invoked RoslynAnalysisRunner static constructor.
RoslynAnalysisRunner will not be running.
RoslynAnalysisRunner has terminated.
Mono: successfully reloaded assembly
- Completed reload, in  0.877 seconds
Platform modules already initialized, skipping
========================================================================
Worker process is ready to serve import requests
Launched and connected shader compiler UnityShaderCompiler.exe after 0.06 seconds
Refreshing native plugins compatible for Editor in 1.05 ms, found 1 plugins.
Preloading 0 native plugins for Editor in 0.00 ms.
Unloading 1854 Unused Serialized files (Serialized files now loaded: 0)
System memory in use before: 98.6 MB.
System memory in use after: 98.6 MB.

Unloading 25 unused Assets to reduce memory usage. Loaded Objects now: 2303.
Total: 1.606600 ms (FindLiveObjects: 0.163100 ms CreateObjectMapping: 0.072300 ms MarkObjects: 1.271300 ms  DeleteObjects: 0.099200 ms)

========================================================================
Received Import Request.
  path: Assets/Kureha's/Audio/Common.mixer
  artifactKey: Guid(0f0b21cd56f471843b7e8fa7d0ea9894) Importer(815301076,1909f56bfc062723c751e8b465ee728b)
Start importing Assets/Kureha's/Audio/Common.mixer using Guid(0f0b21cd56f471843b7e8fa7d0ea9894) Importer(815301076,1909f56bfc062723c751e8b465ee728b)  -> (artifact id: '2c7fb10013719e463c590f3a1d021883') in 0.047416 seconds
  Import took 0.051890 seconds .

========================================================================
Received Import Request.
  Time since last request: 1.981909 seconds.
  path: Assets/Kureha's/Audio/Common.mixer
  artifactKey: Guid(0f0b21cd56f471843b7e8fa7d0ea9894) Importer(815301076,1909f56bfc062723c751e8b465ee728b)
Start importing Assets/Kureha's/Audio/Common.mixer using Guid(0f0b21cd56f471843b7e8fa7d0ea9894) Importer(815301076,1909f56bfc062723c751e8b465ee728b)  -> (artifact id: '6acf82aad1d2f5b2a0a352499410ff7a') in 0.003340 seconds
  Import took 0.006891 seconds .

========================================================================
Received Import Request.
  Time since last request: 0.014126 seconds.
  path: Assets/Kureha's/Audio/Common.mixer
  artifactKey: Guid(0f0b21cd56f471843b7e8fa7d0ea9894) Importer(815301076,1909f56bfc062723c751e8b465ee728b)
Start importing Assets/Kureha's/Audio/Common.mixer using Guid(0f0b21cd56f471843b7e8fa7d0ea9894) Importer(815301076,1909f56bfc062723c751e8b465ee728b)  -> (artifact id: '6acf82aad1d2f5b2a0a352499410ff7a') in 0.003377 seconds
  Import took 0.006960 seconds .

========================================================================
Received Import Request.
  Time since last request: 1.359560 seconds.
  path: Assets/Kureha's/Audio/Common.mixer
  artifactKey: Guid(0f0b21cd56f471843b7e8fa7d0ea9894) Importer(815301076,1909f56bfc062723c751e8b465ee728b)
Start importing Assets/Kureha's/Audio/Common.mixer using Guid(0f0b21cd56f471843b7e8fa7d0ea9894) Importer(815301076,1909f56bfc062723c751e8b465ee728b)  -> (artifact id: '9fb8b4827b30633f7604c084b09bde34') in 0.003466 seconds
  Import took 0.007219 seconds .

========================================================================
Received Prepare
Registering precompiled user dll's ...
Registered in 0.002555 seconds.
Begin MonoManager ReloadAssembly
Native extension for WindowsStandalone target not found
Refreshing native plugins compatible for Editor in 1.42 ms, found 1 plugins.
Preloading 0 native plugins for Editor in 0.00 ms.
Invoked RoslynAnalysisRunner static constructor.
RoslynAnalysisRunner will not be running.
RoslynAnalysisRunner has terminated.
Mono: successfully reloaded assembly
- Completed reload, in  0.866 seconds
Platform modules already initialized, skipping
Refreshing native plugins compatible for Editor in 1.06 ms, found 1 plugins.
Preloading 0 native plugins for Editor in 0.00 ms.
Unloading 1836 Unused Serialized files (Serialized files now loaded: 0)
System memory in use before: 97.6 MB.
System memory in use after: 97.6 MB.

Unloading 13 unused Assets to reduce memory usage. Loaded Objects now: 2307.
Total: 1.789300 ms (FindLiveObjects: 0.166000 ms CreateObjectMapping: 0.069000 ms MarkObjects: 1.464600 ms  DeleteObjects: 0.088600 ms)

========================================================================
Received Prepare
Registering precompiled user dll's ...
Registered in 0.003061 seconds.
Begin MonoManager ReloadAssembly
Native extension for WindowsStandalone target not found
Refreshing native plugins compatible for Editor in 1.08 ms, found 1 plugins.
Preloading 0 native plugins for Editor in 0.00 ms.
Invoked RoslynAnalysisRunner static constructor.
RoslynAnalysisRunner will not be running.
RoslynAnalysisRunner has terminated.
Mono: successfully reloaded assembly
- Completed reload, in  0.733 seconds
Platform modules already initialized, skipping
Refreshing native plugins compatible for Editor in 1.18 ms, found 1 plugins.
Preloading 0 native plugins for Editor in 0.00 ms.
Unloading 1836 Unused Serialized files (Serialized files now loaded: 0)
System memory in use before: 97.6 MB.
System memory in use after: 97.6 MB.

Unloading 13 unused Assets to reduce memory usage. Loaded Objects now: 2311.
Total: 2.083200 ms (FindLiveObjects: 0.311600 ms CreateObjectMapping: 0.147300 ms MarkObjects: 1.527900 ms  DeleteObjects: 0.095100 ms)

========================================================================
Received Prepare
Registering precompiled user dll's ...
Registered in 0.002106 seconds.
Begin MonoManager ReloadAssembly
Native extension for WindowsStandalone target not found
Refreshing native plugins compatible for Editor in 1.07 ms, found 1 plugins.
Preloading 0 native plugins for Editor in 0.00 ms.
Invoked RoslynAnalysisRunner static constructor.
RoslynAnalysisRunner will not be running.
RoslynAnalysisRunner has terminated.
Mono: successfully reloaded assembly
- Completed reload, in  0.738 seconds
Platform modules already initialized, skipping
Refreshing native plugins compatible for Editor in 1.10 ms, found 1 plugins.
Preloading 0 native plugins for Editor in 0.00 ms.
Unloading 1836 Unused Serialized files (Serialized files now loaded: 0)
System memory in use before: 97.6 MB.
System memory in use after: 97.6 MB.

Unloading 13 unused Assets to reduce memory usage. Loaded Objects now: 2315.
Total: 39.047600 ms (FindLiveObjects: 6.251900 ms CreateObjectMapping: 1.385900 ms MarkObjects: 30.987900 ms  DeleteObjects: 0.420400 ms)

========================================================================
Received Prepare
Registering precompiled user dll's ...
Registered in 0.002319 seconds.
Begin MonoManager ReloadAssembly
Native extension for WindowsStandalone target not found
Refreshing native plugins compatible for Editor in 1.08 ms, found 1 plugins.
Preloading 0 native plugins for Editor in 0.00 ms.
Invoked RoslynAnalysisRunner static constructor.
RoslynAnalysisRunner will not be running.
RoslynAnalysisRunner has terminated.
Mono: successfully reloaded assembly
- Completed reload, in  0.765 seconds
Platform modules already initialized, skipping
Refreshing native plugins compatible for Editor in 1.08 ms, found 1 plugins.
Preloading 0 native plugins for Editor in 0.00 ms.
Unloading 1836 Unused Serialized files (Serialized files now loaded: 0)
System memory in use before: 97.7 MB.
System memory in use after: 97.6 MB.

Unloading 13 unused Assets to reduce memory usage. Loaded Objects now: 2319.
Total: 1.855800 ms (FindLiveObjects: 0.191400 ms CreateObjectMapping: 0.067900 ms MarkObjects: 1.497900 ms  DeleteObjects: 0.097700 ms)

========================================================================
Received Prepare
Registering precompiled user dll's ...
Registered in 0.001955 seconds.
Begin MonoManager ReloadAssembly
Native extension for WindowsStandalone target not found
Refreshing native plugins compatible for Editor in 1.15 ms, found 1 plugins.
Preloading 0 native plugins for Editor in 0.00 ms.
Invoked RoslynAnalysisRunner static constructor.
RoslynAnalysisRunner will not be running.
RoslynAnalysisRunner has terminated.
Mono: successfully reloaded assembly
- Completed reload, in  0.743 seconds
Platform modules already initialized, skipping
Refreshing native plugins compatible for Editor in 1.07 ms, found 1 plugins.
Preloading 0 native plugins for Editor in 0.00 ms.
Unloading 1836 Unused Serialized files (Serialized files now loaded: 0)
System memory in use before: 97.7 MB.
System memory in use after: 97.7 MB.

Unloading 13 unused Assets to reduce memory usage. Loaded Objects now: 2323.
Total: 1.660200 ms (FindLiveObjects: 0.182500 ms CreateObjectMapping: 0.064900 ms MarkObjects: 1.323900 ms  DeleteObjects: 0.088000 ms)

========================================================================
Received Import Request.
  Time since last request: 800.918839 seconds.
  path: Assets/Kureha's/Scenes/MainScene.unity
  artifactKey: Guid(d3a2c6f7f060b2443b5c89624cefddf0) Importer(815301076,1909f56bfc062723c751e8b465ee728b)
Start importing Assets/Kureha's/Scenes/MainScene.unity using Guid(d3a2c6f7f060b2443b5c89624cefddf0) Importer(815301076,1909f56bfc062723c751e8b465ee728b)  -> (artifact id: '00c341b5b9e5e027eb8a43e9c5b0c869') in 0.014376 seconds
  Import took 0.018208 seconds .

========================================================================
Received Prepare
Registering precompiled user dll's ...
Registered in 0.001984 seconds.
Begin MonoManager ReloadAssembly
Native extension for WindowsStandalone target not found
Refreshing native plugins compatible for Editor in 1.13 ms, found 1 plugins.
Preloading 0 native plugins for Editor in 0.00 ms.
Invoked RoslynAnalysisRunner static constructor.
RoslynAnalysisRunner will not be running.
RoslynAnalysisRunner has terminated.
Mono: successfully reloaded assembly
- Completed reload, in  0.719 seconds
Platform modules already initialized, skipping
Refreshing native plugins compatible for Editor in 1.07 ms, found 1 plugins.
Preloading 0 native plugins for Editor in 0.00 ms.
Unloading 1836 Unused Serialized files (Serialized files now loaded: 0)
System memory in use before: 97.7 MB.
System memory in use after: 97.7 MB.

Unloading 13 unused Assets to reduce memory usage. Loaded Objects now: 2327.
Total: 1.689700 ms (FindLiveObjects: 0.152200 ms CreateObjectMapping: 0.061800 ms MarkObjects: 1.388200 ms  DeleteObjects: 0.086700 ms)

========================================================================
Received Prepare
Registering precompiled user dll's ...
Registered in 0.001866 seconds.
Begin MonoManager ReloadAssembly
Native extension for WindowsStandalone target not found
Refreshing native plugins compatible for Editor in 1.10 ms, found 1 plugins.
Preloading 0 native plugins for Editor in 0.00 ms.
Invoked RoslynAnalysisRunner static constructor.
RoslynAnalysisRunner will not be running.
RoslynAnalysisRunner has terminated.
Mono: successfully reloaded assembly
- Completed reload, in  0.761 seconds
Platform modules already initialized, skipping
Refreshing native plugins compatible for Editor in 1.07 ms, found 1 plugins.
Preloading 0 native plugins for Editor in 0.00 ms.
Unloading 1836 Unused Serialized files (Serialized files now loaded: 0)
System memory in use before: 97.7 MB.
System memory in use after: 97.7 MB.

Unloading 13 unused Assets to reduce memory usage. Loaded Objects now: 2331.
Total: 1.788800 ms (FindLiveObjects: 0.157000 ms CreateObjectMapping: 0.055600 ms MarkObjects: 1.487800 ms  DeleteObjects: 0.087600 ms)

========================================================================
Received Prepare
Registering precompiled user dll's ...
Registered in 0.002095 seconds.
Begin MonoManager ReloadAssembly
Native extension for WindowsStandalone target not found
Refreshing native plugins compatible for Editor in 1.28 ms, found 1 plugins.
Preloading 0 native plugins for Editor in 0.00 ms.
Invoked RoslynAnalysisRunner static constructor.
RoslynAnalysisRunner will not be running.
RoslynAnalysisRunner has terminated.
Mono: successfully reloaded assembly
- Completed reload, in  0.822 seconds
Platform modules already initialized, skipping
Refreshing native plugins compatible for Editor in 1.11 ms, found 1 plugins.
Preloading 0 native plugins for Editor in 0.00 ms.
Unloading 1836 Unused Serialized files (Serialized files now loaded: 0)
System memory in use before: 97.7 MB.
System memory in use after: 97.7 MB.

Unloading 13 unused Assets to reduce memory usage. Loaded Objects now: 2335.
Total: 1.877100 ms (FindLiveObjects: 0.185600 ms CreateObjectMapping: 0.065600 ms MarkObjects: 1.534500 ms  DeleteObjects: 0.090400 ms)

========================================================================
Received Prepare
Registering precompiled user dll's ...
Registered in 0.002073 seconds.
Begin MonoManager ReloadAssembly
Native extension for WindowsStandalone target not found
Refreshing native plugins compatible for Editor in 1.15 ms, found 1 plugins.
Preloading 0 native plugins for Editor in 0.00 ms.
Invoked RoslynAnalysisRunner static constructor.
RoslynAnalysisRunner will not be running.
RoslynAnalysisRunner has terminated.
Mono: successfully reloaded assembly
- Completed reload, in  0.838 seconds
Platform modules already initialized, skipping
Refreshing native plugins compatible for Editor in 1.11 ms, found 1 plugins.
Preloading 0 native plugins for Editor in 0.00 ms.
Unloading 1836 Unused Serialized files (Serialized files now loaded: 0)
System memory in use before: 97.7 MB.
System memory in use after: 97.7 MB.

Unloading 13 unused Assets to reduce memory usage. Loaded Objects now: 2339.
Total: 1.920700 ms (FindLiveObjects: 0.178300 ms CreateObjectMapping: 0.074600 ms MarkObjects: 1.570800 ms  DeleteObjects: 0.095900 ms)

========================================================================
Received Prepare
Registering precompiled user dll's ...
Registered in 0.002107 seconds.
Begin MonoManager ReloadAssembly
Native extension for WindowsStandalone target not found
Refreshing native plugins compatible for Editor in 1.12 ms, found 1 plugins.
Preloading 0 native plugins for Editor in 0.00 ms.
Invoked RoslynAnalysisRunner static constructor.
RoslynAnalysisRunner will not be running.
RoslynAnalysisRunner has terminated.
Mono: successfully reloaded assembly
- Completed reload, in  0.767 seconds
Platform modules already initialized, skipping
Refreshing native plugins compatible for Editor in 1.06 ms, found 1 plugins.
Preloading 0 native plugins for Editor in 0.00 ms.
Unloading 1836 Unused Serialized files (Serialized files now loaded: 0)
System memory in use before: 97.7 MB.
System memory in use after: 97.7 MB.

Unloading 13 unused Assets to reduce memory usage. Loaded Objects now: 2343.
Total: 1.947000 ms (FindLiveObjects: 0.175800 ms CreateObjectMapping: 0.059800 ms MarkObjects: 1.616900 ms  DeleteObjects: 0.093400 ms)

========================================================================
Received Prepare
Registering precompiled user dll's ...
Registered in 0.002054 seconds.
Begin MonoManager ReloadAssembly
Native extension for WindowsStandalone target not found
Refreshing native plugins compatible for Editor in 1.37 ms, found 1 plugins.
Preloading 0 native plugins for Editor in 0.00 ms.
Invoked RoslynAnalysisRunner static constructor.
RoslynAnalysisRunner will not be running.
RoslynAnalysisRunner has terminated.
Mono: successfully reloaded assembly
- Completed reload, in  0.860 seconds
Platform modules already initialized, skipping
Refreshing native plugins compatible for Editor in 1.10 ms, found 1 plugins.
Preloading 0 native plugins for Editor in 0.00 ms.
Unloading 1836 Unused Serialized files (Serialized files now loaded: 0)
System memory in use before: 97.7 MB.
System memory in use after: 97.7 MB.

Unloading 13 unused Assets to reduce memory usage. Loaded Objects now: 2347.
Total: 2.080600 ms (FindLiveObjects: 0.238300 ms CreateObjectMapping: 0.135700 ms MarkObjects: 1.490200 ms  DeleteObjects: 0.215300 ms)

========================================================================
Received Prepare
Registering precompiled user dll's ...
Registered in 0.001981 seconds.
Begin MonoManager ReloadAssembly
Native extension for WindowsStandalone target not found
Refreshing native plugins compatible for Editor in 1.05 ms, found 1 plugins.
Preloading 0 native plugins for Editor in 0.00 ms.
Invoked RoslynAnalysisRunner static constructor.
RoslynAnalysisRunner will not be running.
RoslynAnalysisRunner has terminated.
Mono: successfully reloaded assembly
- Completed reload, in  0.748 seconds
Platform modules already initialized, skipping
Refreshing native plugins compatible for Editor in 1.09 ms, found 1 plugins.
Preloading 0 native plugins for Editor in 0.00 ms.
Unloading 1836 Unused Serialized files (Serialized files now loaded: 0)
System memory in use before: 97.7 MB.
System memory in use after: 97.7 MB.

Unloading 13 unused Assets to reduce memory usage. Loaded Objects now: 2351.
Total: 1.794300 ms (FindLiveObjects: 0.233600 ms CreateObjectMapping: 0.053500 ms MarkObjects: 1.422800 ms  DeleteObjects: 0.083700 ms)

AssetImportWorkerClient::OnTransportError - code=2 error=End of file
