Using pre-set license
Built from '2020.3/staging' branch; Version is '2020.3.0f1 (c7b5465681fb) revision 13088070'; Using compiler version '192528614'; Build Type 'Release'
OS: 'Windows 10 Home; OS build 19043.1706; Version 2009; 64bit' Language: 'ja' Physical Memory: 16318 MB
BatchMode: 1, IsHumanControllingUs: 0, StartBugReporterOnCrash: 0, Is64bit: 1, IsPro: 0

 COMMAND LINE ARGUMENTS:
C:\Program Files\Unity\Hub\Editor\2020.3.0f1\Editor\Unity.exe
-adb2
-batchMode
-noUpm
-name
AssetImportWorker2
-projectPath
D:/saiky/Documents/AutoChessJoker/AutoChessJoker
-logFile
Logs/AssetImportWorker2.log
-srvPort
64574
Successfully changed project path to: D:/saiky/Documents/AutoChessJoker/AutoChessJoker
D:/saiky/Documents/AutoChessJoker/AutoChessJoker
Using Asset Import Pipeline V2.
Refreshing native plugins compatible for Editor in 39.02 ms, found 1 plugins.
Preloading 0 native plugins for Editor in 0.00 ms.
Initialize engine version: 2020.3.0f1 (c7b5465681fb)
[Subsystems] Discovering subsystems at path C:/Program Files/Unity/Hub/Editor/2020.3.0f1/Editor/Data/Resources/UnitySubsystems
[Subsystems] Discovering subsystems at path D:/saiky/Documents/AutoChessJoker/AutoChessJoker/Assets
GfxDevice: creating device client; threaded=0
Direct3D:
    Version:  Direct3D 11.0 [level 11.1]
    Renderer: NVIDIA GeForce GTX 1060 6GB (ID=0x1c03)
    Vendor:   
    VRAM:     6052 MB
    Driver:   27.21.14.5671
Initialize mono
Mono path[0] = 'C:/Program Files/Unity/Hub/Editor/2020.3.0f1/Editor/Data/Managed'
Mono path[1] = 'C:/Program Files/Unity/Hub/Editor/2020.3.0f1/Editor/Data/MonoBleedingEdge/lib/mono/unityjit'
Mono config path = 'C:/Program Files/Unity/Hub/Editor/2020.3.0f1/Editor/Data/MonoBleedingEdge/etc'
Using monoOptions --debugger-agent=transport=dt_socket,embedding=1,server=y,suspend=n,address=127.0.0.1:56712
Begin MonoManager ReloadAssembly
Registering precompiled unity dll's ...
Register platform support module: C:/Program Files/Unity/Hub/Editor/2020.3.0f1/Editor/Data/PlaybackEngines/WindowsStandaloneSupport/UnityEditor.WindowsStandalone.Extensions.dll
Registered in 0.002076 seconds.
Native extension for WindowsStandalone target not found
Refreshing native plugins compatible for Editor in 38.30 ms, found 1 plugins.
Preloading 0 native plugins for Editor in 0.00 ms.
Invoked RoslynAnalysisRunner static constructor.
RoslynAnalysisRunner will not be running.
RoslynAnalysisRunner has terminated.
Mono: successfully reloaded assembly
- Completed reload, in  1.215 seconds
Platform modules already initialized, skipping
Registering precompiled user dll's ...
Registered in 0.001405 seconds.
Begin MonoManager ReloadAssembly
Native extension for WindowsStandalone target not found
Refreshing native plugins compatible for Editor in 38.10 ms, found 1 plugins.
Preloading 0 native plugins for Editor in 0.00 ms.
Invoked RoslynAnalysisRunner static constructor.
RoslynAnalysisRunner will not be running.
RoslynAnalysisRunner has terminated.
Mono: successfully reloaded assembly
- Completed reload, in  0.851 seconds
Platform modules already initialized, skipping
========================================================================
Worker process is ready to serve import requests
Launched and connected shader compiler UnityShaderCompiler.exe after 0.13 seconds
Refreshing native plugins compatible for Editor in 0.40 ms, found 1 plugins.
Preloading 0 native plugins for Editor in 0.00 ms.
Unloading 1830 Unused Serialized files (Serialized files now loaded: 0)
System memory in use before: 89.5 MB.
System memory in use after: 89.4 MB.

Unloading 24 unused Assets to reduce memory usage. Loaded Objects now: 2274.
Total: 1.918000 ms (FindLiveObjects: 0.237800 ms CreateObjectMapping: 0.063500 ms MarkObjects: 1.509900 ms  DeleteObjects: 0.106000 ms)

========================================================================
Received Import Request.
  path: Assets/Kureha's/Scripts/SingletonMonoBehaviour.cs
  artifactKey: Guid(a1dc96f9949f7464f805fb77d3e1e760) Importer(815301076,1909f56bfc062723c751e8b465ee728b)
Start importing Assets/Kureha's/Scripts/SingletonMonoBehaviour.cs using Guid(a1dc96f9949f7464f805fb77d3e1e760) Importer(815301076,1909f56bfc062723c751e8b465ee728b)  -> (artifact id: '5d335500957548aa29630f91efcea8c0') in 0.062772 seconds
  Import took 0.065680 seconds .

========================================================================
Received Import Request.
  Time since last request: 0.247238 seconds.
  path: Assets/Kureha's/Scripts/SingletonMonoBehaviour.cs
  artifactKey: Guid(a1dc96f9949f7464f805fb77d3e1e760) Importer(815301076,1909f56bfc062723c751e8b465ee728b)
Start importing Assets/Kureha's/Scripts/SingletonMonoBehaviour.cs using Guid(a1dc96f9949f7464f805fb77d3e1e760) Importer(815301076,1909f56bfc062723c751e8b465ee728b)  -> (artifact id: '5d335500957548aa29630f91efcea8c0') in 0.004394 seconds
  Import took 0.007824 seconds .

========================================================================
Received Prepare
Registering precompiled user dll's ...
Registered in 0.001234 seconds.
Begin MonoManager ReloadAssembly
Native extension for WindowsStandalone target not found
Refreshing native plugins compatible for Editor in 0.38 ms, found 1 plugins.
Preloading 0 native plugins for Editor in 0.00 ms.
Invoked RoslynAnalysisRunner static constructor.
RoslynAnalysisRunner will not be running.
RoslynAnalysisRunner has terminated.
Mono: successfully reloaded assembly
- Completed reload, in  0.768 seconds
Platform modules already initialized, skipping
Refreshing native plugins compatible for Editor in 0.39 ms, found 1 plugins.
Preloading 0 native plugins for Editor in 0.00 ms.
Unloading 1814 Unused Serialized files (Serialized files now loaded: 0)
System memory in use before: 88.6 MB.
System memory in use after: 88.6 MB.

Unloading 12 unused Assets to reduce memory usage. Loaded Objects now: 2278.
Total: 1.600800 ms (FindLiveObjects: 0.174700 ms CreateObjectMapping: 0.066300 ms MarkObjects: 1.268800 ms  DeleteObjects: 0.090400 ms)

========================================================================
Received Prepare
Registering precompiled user dll's ...
Registered in 0.001343 seconds.
Begin MonoManager ReloadAssembly
Native extension for WindowsStandalone target not found
Refreshing native plugins compatible for Editor in 0.38 ms, found 1 plugins.
Preloading 0 native plugins for Editor in 0.00 ms.
Invoked RoslynAnalysisRunner static constructor.
RoslynAnalysisRunner will not be running.
RoslynAnalysisRunner has terminated.
Mono: successfully reloaded assembly
- Completed reload, in  0.748 seconds
Platform modules already initialized, skipping
Refreshing native plugins compatible for Editor in 0.39 ms, found 1 plugins.
Preloading 0 native plugins for Editor in 0.00 ms.
Unloading 1814 Unused Serialized files (Serialized files now loaded: 0)
System memory in use before: 88.6 MB.
System memory in use after: 88.6 MB.

Unloading 12 unused Assets to reduce memory usage. Loaded Objects now: 2282.
Total: 1.911600 ms (FindLiveObjects: 0.182500 ms CreateObjectMapping: 0.070400 ms MarkObjects: 1.537700 ms  DeleteObjects: 0.120200 ms)

AssetImportWorkerClient::OnTransportError - code=2 error=End of file
